<?xml version="1.0" encoding="UTF-8"?>
<!-- Generated by org.testng.reporters.JUnitReportReporter -->
<testsuite skipped="1" hostname="Amita" name="com.actitime.texts.VerifyVersionTest" tests="1" failures="0" timestamp="09 Jul 2018 18:09:05 GMT" time="0.000" errors="0">
  <testcase name="testinvalidLoginTest" time="0.000" classname="com.actitime.texts.VerifyVersionTest">
    <skipped/>
  </testcase> <!-- testinvalidLoginTest -->
</testsuite> <!-- com.actitime.texts.VerifyVersionTest -->
