<?xml version="1.0" encoding="UTF-8"?>
<!-- Generated by org.testng.reporters.JUnitReportReporter -->
<testsuite skipped="0" hostname="Amita" name="com.actitime.tests.invalidLoginTest" tests="1" failures="0" timestamp="09 Jul 2018 18:42:27 GMT" time="44.146" errors="0">
  <testcase name="testinvalidLoginTest" time="44.146" classname="com.actitime.tests.invalidLoginTest"/>
</testsuite> <!-- com.actitime.tests.invalidLoginTest -->
