<?xml version="1.0" encoding="UTF-8"?>
<!-- Generated by org.testng.reporters.JUnitReportReporter -->
<testsuite skipped="0" hostname="Amita" name="com.actitime.tests.ValidLoginLogoutTest" tests="1" failures="0" timestamp="09 Jul 2018 18:40:52 GMT" time="26.299" errors="0">
  <testcase name="testValidLoginLogout" time="26.299" classname="com.actitime.tests.ValidLoginLogoutTest"/>
</testsuite> <!-- com.actitime.tests.ValidLoginLogoutTest -->
