<?xml version="1.0" encoding="UTF-8"?>
<!-- Generated by org.testng.reporters.JUnitReportReporter -->
<testsuite skipped="0" hostname="Amita" name="com.actitime.tests.VerifyVersionTest" tests="1" failures="0" timestamp="09 Jul 2018 18:40:52 GMT" time="15.253" errors="0">
  <testcase name="testinvalidLoginTest" time="15.253" classname="com.actitime.tests.VerifyVersionTest"/>
</testsuite> <!-- com.actitime.tests.VerifyVersionTest -->
